# JRE version: OpenJDK Runtime Environment Temurin-21.0.10+7 (21.0.10+7) (build 21.0.10+7-LTS)
# Java VM: OpenJDK 64-Bit Server VM Temurin-21.0.10+7 (21.0.10+7-LTS, mixed mode, sharing, tiered, compressed oops, compressed class ptrs, parallel gc, windows-amd64)
GC Precious Log:
 CardTable entry size: 512
 CPUs: 4 total, 4 available
 Memory: 8092M
 Large Page Support: Disabled
 NUMA Support: Disabled
 Compressed Oops: Enabled (32-bit)
 Alignments: Space 512K, Generation 512K, Heap 2M
 Heap Min Capacity: 100M
 Heap Initial Capacity: 100M
 Heap Max Capacity: 2G
 Pre-touch: Disabled
 Parallel Workers: 4
Heap:
 PSYoungGen      total 24064K, used 20251K [0x00000000d5580000, 0x00000000d7300000, 0x0000000100000000)
  eden space 20992K, 90% used [0x00000000d5580000,0x00000000d681a188,0x00000000d6a00000)
  from space 3072K, 39% used [0x00000000d6d00000,0x00000000d6e2cab8,0x00000000d7000000)
  to   space 2048K, 0% used [0x00000000d7100000,0x00000000d7100000,0x00000000d7300000)
 ParOldGen       total 68608K, used 47151K [0x0000000080000000, 0x0000000084300000, 0x00000000d5580000)
  object space 68608K, 68% used [0x0000000080000000,0x0000000082e0bef0,0x0000000084300000)
 Metaspace       used 56996K, committed 58304K, reserved 1114112K
  class space    used 6188K, committed 6784K, reserved 1048576K
GC Heap History (20 events):
Event: 19.335 GC heap before
{Heap before GC invocations=24 (full 2):
 PSYoungGen      total 23040K, used 22820K [0x00000000d5580000, 0x00000000d6e00000, 0x0000000100000000)
  eden space 20992K, 100% used [0x00000000d5580000,0x00000000d6a00000,0x00000000d6a00000)
  from space 2048K, 89% used [0x00000000d6a00000,0x00000000d6bc9000,0x00000000d6c00000)
  to   space 2048K, 0% used [0x00000000d6c00000,0x00000000d6c00000,0x00000000d6e00000)
 ParOldGen       total 68608K, used 29964K [0x0000000080000000, 0x0000000084300000, 0x00000000d5580000)
  object space 68608K, 43% used [0x0000000080000000,0x0000000081d430e0,0x0000000084300000)
 Metaspace       used 45088K, committed 46208K, reserved 1114112K
  class space    used 4916K, committed 5376K, reserved 1048576K
}
Event: 19.340 GC heap after
{Heap after GC invocations=24 (full 2):
 PSYoungGen      total 23040K, used 1792K [0x00000000d5580000, 0x00000000d6e00000, 0x0000000100000000)
  eden space 20992K, 0% used [0x00000000d5580000,0x00000000d5580000,0x00000000d6a00000)
  from space 2048K, 87% used [0x00000000d6c00000,0x00000000d6dc0000,0x00000000d6e00000)
  to   space 2048K, 0% used [0x00000000d6a00000,0x00000000d6a00000,0x00000000d6c00000)
 ParOldGen       total 68608K, used 31748K [0x0000000080000000, 0x0000000084300000, 0x00000000d5580000)
  object space 68608K, 46% used [0x0000000080000000,0x0000000081f011e0,0x0000000084300000)
 Metaspace       used 45088K, committed 46208K, reserved 1114112K
  class space    used 4916K, committed 5376K, reserved 1048576K
}
Event: 19.909 GC heap before
{Heap before GC invocations=25 (full 2):
 PSYoungGen      total 23040K, used 22784K [0x00000000d5580000, 0x00000000d6e00000, 0x0000000100000000)
  eden space 20992K, 100% used [0x00000000d5580000,0x00000000d6a00000,0x00000000d6a00000)
  from space 2048K, 87% used [0x00000000d6c00000,0x00000000d6dc0000,0x00000000d6e00000)
  to   space 2048K, 0% used [0x00000000d6a00000,0x00000000d6a00000,0x00000000d6c00000)
 ParOldGen       total 68608K, used 31748K [0x0000000080000000, 0x0000000084300000, 0x00000000d5580000)
  object space 68608K, 46% used [0x0000000080000000,0x0000000081f011e0,0x0000000084300000)
 Metaspace       used 45990K, committed 47168K, reserved 1114112K
  class space    used 5027K, committed 5504K, reserved 1048576K
}
Event: 19.921 GC heap after
{Heap after GC invocations=25 (full 2):
 PSYoungGen      total 23040K, used 1792K [0x00000000d5580000, 0x00000000d6e00000, 0x0000000100000000)
  eden space 20992K, 0% used [0x00000000d5580000,0x00000000d5580000,0x00000000d6a00000)
  from space 2048K, 87% used [0x00000000d6a00000,0x00000000d6bc0010,0x00000000d6c00000)
  to   space 2048K, 0% used [0x00000000d6c00000,0x00000000d6c00000,0x00000000d6e00000)
 ParOldGen       total 68608K, used 33508K [0x0000000080000000, 0x0000000084300000, 0x00000000d5580000)
  object space 68608K, 48% used [0x0000000080000000,0x00000000820b91e0,0x0000000084300000)
 Metaspace       used 45990K, committed 47168K, reserved 1114112K
  class space    used 5027K, committed 5504K, reserved 1048576K
}
Event: 20.228 GC heap before
{Heap before GC invocations=26 (full 2):
 PSYoungGen      total 23040K, used 22784K [0x00000000d5580000, 0x00000000d6e00000, 0x0000000100000000)
  eden space 20992K, 100% used [0x00000000d5580000,0x00000000d6a00000,0x00000000d6a00000)
  from space 2048K, 87% used [0x00000000d6a00000,0x00000000d6bc0010,0x00000000d6c00000)
  to   space 2048K, 0% used [0x00000000d6c00000,0x00000000d6c00000,0x00000000d6e00000)
 ParOldGen       total 68608K, used 33508K [0x0000000080000000, 0x0000000084300000, 0x00000000d5580000)
  object space 68608K, 48% used [0x0000000080000000,0x00000000820b91e0,0x0000000084300000)
 Metaspace       used 46520K, committed 47680K, reserved 1114112K
  class space    used 5091K, committed 5568K, reserved 1048576K
}
Event: 20.236 GC heap after
{Heap after GC invocations=26 (full 2):
 PSYoungGen      total 23040K, used 1652K [0x00000000d5580000, 0x00000000d6e00000, 0x0000000100000000)
  eden space 20992K, 0% used [0x00000000d5580000,0x00000000d5580000,0x00000000d6a00000)
  from space 2048K, 80% used [0x00000000d6c00000,0x00000000d6d9d098,0x00000000d6e00000)
  to   space 2048K, 0% used [0x00000000d6a00000,0x00000000d6a00000,0x00000000d6c00000)
 ParOldGen       total 68608K, used 35224K [0x0000000080000000, 0x0000000084300000, 0x00000000d5580000)
  object space 68608K, 51% used [0x0000000080000000,0x0000000082266200,0x0000000084300000)
 Metaspace       used 46520K, committed 47680K, reserved 1114112K
  class space    used 5091K, committed 5568K, reserved 1048576K
}
Event: 20.835 GC heap before
{Heap before GC invocations=27 (full 2):
 PSYoungGen      total 23040K, used 22624K [0x00000000d5580000, 0x00000000d6e00000, 0x0000000100000000)
  eden space 20992K, 99% used [0x00000000d5580000,0x00000000d69fb178,0x00000000d6a00000)
  from space 2048K, 80% used [0x00000000d6c00000,0x00000000d6d9d098,0x00000000d6e00000)
  to   space 2048K, 0% used [0x00000000d6a00000,0x00000000d6a00000,0x00000000d6c00000)
 ParOldGen       total 68608K, used 35224K [0x0000000080000000, 0x0000000084300000, 0x00000000d5580000)
  object space 68608K, 51% used [0x0000000080000000,0x0000000082266200,0x0000000084300000)
 Metaspace       used 47536K, committed 48640K, reserved 1114112K
  class space    used 5171K, committed 5632K, reserved 1048576K
}
Event: 20.846 GC heap after
{Heap after GC invocations=27 (full 2):
 PSYoungGen      total 23040K, used 2027K [0x00000000d5580000, 0x00000000d7d00000, 0x0000000100000000)
  eden space 20992K, 0% used [0x00000000d5580000,0x00000000d5580000,0x00000000d6a00000)
  from space 2048K, 99% used [0x00000000d6a00000,0x00000000d6bfaf28,0x00000000d6c00000)
  to   space 9728K, 0% used [0x00000000d7380000,0x00000000d7380000,0x00000000d7d00000)
 ParOldGen       total 68608K, used 41329K [0x0000000080000000, 0x0000000084300000, 0x00000000d5580000)
  object space 68608K, 60% used [0x0000000080000000,0x000000008285c500,0x0000000084300000)
 Metaspace       used 47536K, committed 48640K, reserved 1114112K
  class space    used 5171K, committed 5632K, reserved 1048576K
}
Event: 21.455 GC heap before
{Heap before GC invocations=28 (full 2):
 PSYoungGen      total 23040K, used 23019K [0x00000000d5580000, 0x00000000d7d00000, 0x0000000100000000)
  eden space 20992K, 100% used [0x00000000d5580000,0x00000000d6a00000,0x00000000d6a00000)
  from space 2048K, 99% used [0x00000000d6a00000,0x00000000d6bfaf28,0x00000000d6c00000)
  to   space 9728K, 0% used [0x00000000d7380000,0x00000000d7380000,0x00000000d7d00000)
 ParOldGen       total 68608K, used 41329K [0x0000000080000000, 0x0000000084300000, 0x00000000d5580000)
  object space 68608K, 60% used [0x0000000080000000,0x000000008285c500,0x0000000084300000)
 Metaspace       used 49893K, committed 51072K, reserved 1114112K
  class space    used 5420K, committed 5952K, reserved 1048576K
}
Event: 21.459 GC heap after
{Heap after GC invocations=28 (full 2):
 PSYoungGen      total 22016K, used 630K [0x00000000d5580000, 0x00000000d7480000, 0x0000000100000000)
  eden space 20992K, 0% used [0x00000000d5580000,0x00000000d5580000,0x00000000d6a00000)
  from space 1024K, 61% used [0x00000000d7380000,0x00000000d741d8c8,0x00000000d7480000)
  to   space 3584K, 0% used [0x00000000d6d80000,0x00000000d6d80000,0x00000000d7100000)
 ParOldGen       total 68608K, used 43365K [0x0000000080000000, 0x0000000084300000, 0x00000000d5580000)
  object space 68608K, 63% used [0x0000000080000000,0x0000000082a59428,0x0000000084300000)
 Metaspace       used 49893K, committed 51072K, reserved 1114112K
  class space    used 5420K, committed 5952K, reserved 1048576K
}
Event: 22.721 GC heap before
{Heap before GC invocations=29 (full 2):
 PSYoungGen      total 22016K, used 21622K [0x00000000d5580000, 0x00000000d7480000, 0x0000000100000000)
  eden space 20992K, 99% used [0x00000000d5580000,0x00000000d69ffff8,0x00000000d6a00000)
  from space 1024K, 61% used [0x00000000d7380000,0x00000000d741d8c8,0x00000000d7480000)
  to   space 3584K, 0% used [0x00000000d6d80000,0x00000000d6d80000,0x00000000d7100000)
 ParOldGen       total 68608K, used 43365K [0x0000000080000000, 0x0000000084300000, 0x00000000d5580000)
  object space 68608K, 63% used [0x0000000080000000,0x0000000082a59428,0x0000000084300000)
 Metaspace       used 51128K, committed 52416K, reserved 1114112K
  class space    used 5554K, committed 6144K, reserved 1048576K
}
Event: 22.725 GC heap after
{Heap after GC invocations=29 (full 2):
 PSYoungGen      total 24576K, used 624K [0x00000000d5580000, 0x00000000d7400000, 0x0000000100000000)
  eden space 20992K, 0% used [0x00000000d5580000,0x00000000d5580000,0x00000000d6a00000)
  from space 3584K, 17% used [0x00000000d6d80000,0x00000000d6e1c020,0x00000000d7100000)
  to   space 1536K, 0% used [0x00000000d7280000,0x00000000d7280000,0x00000000d7400000)
 ParOldGen       total 68608K, used 43895K [0x0000000080000000, 0x0000000084300000, 0x00000000d5580000)
  object space 68608K, 63% used [0x0000000080000000,0x0000000082addf30,0x0000000084300000)
 Metaspace       used 51128K, committed 52416K, reserved 1114112K
  class space    used 5554K, committed 6144K, reserved 1048576K
}
Event: 23.861 GC heap before
{Heap before GC invocations=30 (full 2):
 PSYoungGen      total 24576K, used 21564K [0x00000000d5580000, 0x00000000d7400000, 0x0000000100000000)
  eden space 20992K, 99% used [0x00000000d5580000,0x00000000d69f3178,0x00000000d6a00000)
  from space 3584K, 17% used [0x00000000d6d80000,0x00000000d6e1c020,0x00000000d7100000)
  to   space 1536K, 0% used [0x00000000d7280000,0x00000000d7280000,0x00000000d7400000)
 ParOldGen       total 68608K, used 43895K [0x0000000080000000, 0x0000000084300000, 0x00000000d5580000)
  object space 68608K, 63% used [0x0000000080000000,0x0000000082addf30,0x0000000084300000)
 Metaspace       used 52590K, committed 53824K, reserved 1114112K
  class space    used 5769K, committed 6336K, reserved 1048576K
}
Event: 23.866 GC heap after
{Heap after GC invocations=30 (full 2):
 PSYoungGen      total 21504K, used 440K [0x00000000d5580000, 0x00000000d7300000, 0x0000000100000000)
  eden space 20992K, 0% used [0x00000000d5580000,0x00000000d5580000,0x00000000d6a00000)
  from space 512K, 86% used [0x00000000d7280000,0x00000000d72ee1c8,0x00000000d7300000)
  to   space 1024K, 0% used [0x00000000d7100000,0x00000000d7100000,0x00000000d7200000)
 ParOldGen       total 68608K, used 44421K [0x0000000080000000, 0x0000000084300000, 0x00000000d5580000)
  object space 68608K, 64% used [0x0000000080000000,0x0000000082b61690,0x0000000084300000)
 Metaspace       used 52590K, committed 53824K, reserved 1114112K
  class space    used 5769K, committed 6336K, reserved 1048576K
}
Event: 24.781 GC heap before
{Heap before GC invocations=31 (full 2):
 PSYoungGen      total 21504K, used 21432K [0x00000000d5580000, 0x00000000d7300000, 0x0000000100000000)
  eden space 20992K, 100% used [0x00000000d5580000,0x00000000d6a00000,0x00000000d6a00000)
  from space 512K, 86% used [0x00000000d7280000,0x00000000d72ee1c8,0x00000000d7300000)
  to   space 1024K, 0% used [0x00000000d7100000,0x00000000d7100000,0x00000000d7200000)
 ParOldGen       total 68608K, used 44421K [0x0000000080000000, 0x0000000084300000, 0x00000000d5580000)
  object space 68608K, 64% used [0x0000000080000000,0x0000000082b61690,0x0000000084300000)
 Metaspace       used 53819K, committed 55104K, reserved 1114112K
  class space    used 5899K, committed 6464K, reserved 1048576K
}
Event: 24.784 GC heap after
{Heap after GC invocations=31 (full 2):
 PSYoungGen      total 22016K, used 480K [0x00000000d5580000, 0x00000000d7300000, 0x0000000100000000)
  eden space 20992K, 0% used [0x00000000d5580000,0x00000000d5580000,0x00000000d6a00000)
  from space 1024K, 46% used [0x00000000d7100000,0x00000000d7178000,0x00000000d7200000)
  to   space 512K, 0% used [0x00000000d7280000,0x00000000d7280000,0x00000000d7300000)
 ParOldGen       total 68608K, used 44760K [0x0000000080000000, 0x0000000084300000, 0x00000000d5580000)
  object space 68608K, 65% used [0x0000000080000000,0x0000000082bb6120,0x0000000084300000)
 Metaspace       used 53819K, committed 55104K, reserved 1114112K
  class space    used 5899K, committed 6464K, reserved 1048576K
}
Event: 25.511 GC heap before
{Heap before GC invocations=32 (full 2):
 PSYoungGen      total 22016K, used 21312K [0x00000000d5580000, 0x00000000d7300000, 0x0000000100000000)
  eden space 20992K, 99% used [0x00000000d5580000,0x00000000d69d82e8,0x00000000d6a00000)
  from space 1024K, 46% used [0x00000000d7100000,0x00000000d7178000,0x00000000d7200000)
  to   space 512K, 0% used [0x00000000d7280000,0x00000000d7280000,0x00000000d7300000)
 ParOldGen       total 68608K, used 44760K [0x0000000080000000, 0x0000000084300000, 0x00000000d5580000)
  object space 68608K, 65% used [0x0000000080000000,0x0000000082bb6120,0x0000000084300000)
 Metaspace       used 55702K, committed 57024K, reserved 1114112K
  class space    used 6073K, committed 6656K, reserved 1048576K
}
Event: 25.517 GC heap after
{Heap after GC invocations=32 (full 2):
 PSYoungGen      total 21504K, used 500K [0x00000000d5580000, 0x00000000d7300000, 0x0000000100000000)
  eden space 20992K, 0% used [0x00000000d5580000,0x00000000d5580000,0x00000000d6a00000)
  from space 512K, 97% used [0x00000000d7280000,0x00000000d72fd238,0x00000000d7300000)
  to   space 3072K, 0% used [0x00000000d6d00000,0x00000000d6d00000,0x00000000d7000000)
 ParOldGen       total 68608K, used 46726K [0x0000000080000000, 0x0000000084300000, 0x00000000d5580000)
  object space 68608K, 68% used [0x0000000080000000,0x0000000082da18d0,0x0000000084300000)
 Metaspace       used 55702K, committed 57024K, reserved 1114112K
  class space    used 6073K, committed 6656K, reserved 1048576K
}
Event: 25.743 GC heap before
{Heap before GC invocations=33 (full 2):
 PSYoungGen      total 21504K, used 21349K [0x00000000d5580000, 0x00000000d7300000, 0x0000000100000000)
  eden space 20992K, 99% used [0x00000000d5580000,0x00000000d69dc4b0,0x00000000d6a00000)
  from space 512K, 97% used [0x00000000d7280000,0x00000000d72fd238,0x00000000d7300000)
  to   space 3072K, 0% used [0x00000000d6d00000,0x00000000d6d00000,0x00000000d7000000)
 ParOldGen       total 68608K, used 46726K [0x0000000080000000, 0x0000000084300000, 0x00000000d5580000)
  object space 68608K, 68% used [0x0000000080000000,0x0000000082da18d0,0x0000000084300000)
 Metaspace       used 55733K, committed 57024K, reserved 1114112K
  class space    used 6073K, committed 6656K, reserved 1048576K
}
Event: 25.746 GC heap after
{Heap after GC invocations=33 (full 2):
 PSYoungGen      total 24064K, used 1202K [0x00000000d5580000, 0x00000000d7300000, 0x0000000100000000)
  eden space 20992K, 0% used [0x00000000d5580000,0x00000000d5580000,0x00000000d6a00000)
  from space 3072K, 39% used [0x00000000d6d00000,0x00000000d6e2cab8,0x00000000d7000000)
  to   space 2048K, 0% used [0x00000000d7100000,0x00000000d7100000,0x00000000d7300000)
 ParOldGen       total 68608K, used 47151K [0x0000000080000000, 0x0000000084300000, 0x00000000d5580000)
  object space 68608K, 68% used [0x0000000080000000,0x0000000082e0bef0,0x0000000084300000)
 Metaspace       used 55733K, committed 57024K, reserved 1114112K
  class space    used 6073K, committed 6656K, reserved 1048576K
}

